D:\IAN BOROS\MY DOCUMENTS\VISUAL STUDIO 2008\PROJECTS\OPEN GL STUFF\SPACE GAME ENGINE_MAC_WIN 2 CURRENT\SPACE-GAME\DEBUG\SPACE GAME ENGINE.EXE
D:\IAN BOROS\MY DOCUMENTS\VISUAL STUDIO 2008\PROJECTS\OPEN GL STUFF\SPACE GAME ENGINE_MAC_WIN 2 CURRENT\SPACE-GAME\DEBUG\SPACE GAME ENGINE.ILK
D:\IAN BOROS\MY DOCUMENTS\VISUAL STUDIO 2008\PROJECTS\OPEN GL STUFF\SPACE GAME ENGINE_MAC_WIN 2 CURRENT\SPACE-GAME\DEBUG\SPACE GAME ENGINE.PDB
D:\IAN BOROS\MY DOCUMENTS\VISUAL STUDIO 2008\PROJECTS\OPEN GL STUFF\SPACE GAME ENGINE_MAC_WIN 2 CURRENT\SPACE-GAME\SPACE GAME ENGINE\DEBUG\BACKGROUNDSTAR_DRAW.OBJ
D:\IAN BOROS\MY DOCUMENTS\VISUAL STUDIO 2008\PROJECTS\OPEN GL STUFF\SPACE GAME ENGINE_MAC_WIN 2 CURRENT\SPACE-GAME\SPACE GAME ENGINE\DEBUG\BACKGROUNDSTAR_INIT.OBJ
D:\IAN BOROS\MY DOCUMENTS\VISUAL STUDIO 2008\PROJECTS\OPEN GL STUFF\SPACE GAME ENGINE_MAC_WIN 2 CURRENT\SPACE-GAME\SPACE GAME ENGINE\DEBUG\BACKGROUNDSTAR_UPDATE.OBJ
D:\IAN BOROS\MY DOCUMENTS\VISUAL STUDIO 2008\PROJECTS\OPEN GL STUFF\SPACE GAME ENGINE_MAC_WIN 2 CURRENT\SPACE-GAME\SPACE GAME ENGINE\DEBUG\BACKGROUNDSTARCLASS.OBJ
D:\IAN BOROS\MY DOCUMENTS\VISUAL STUDIO 2008\PROJECTS\OPEN GL STUFF\SPACE GAME ENGINE_MAC_WIN 2 CURRENT\SPACE-GAME\SPACE GAME ENGINE\DEBUG\BUTTON_ACTIVATE.OBJ
D:\IAN BOROS\MY DOCUMENTS\VISUAL STUDIO 2008\PROJECTS\OPEN GL STUFF\SPACE GAME ENGINE_MAC_WIN 2 CURRENT\SPACE-GAME\SPACE GAME ENGINE\DEBUG\BUTTON_UPDATE.OBJ
D:\IAN BOROS\MY DOCUMENTS\VISUAL STUDIO 2008\PROJECTS\OPEN GL STUFF\SPACE GAME ENGINE_MAC_WIN 2 CURRENT\SPACE-GAME\SPACE GAME ENGINE\DEBUG\BUTTONCLASS.OBJ
D:\IAN BOROS\MY DOCUMENTS\VISUAL STUDIO 2008\PROJECTS\OPEN GL STUFF\SPACE GAME ENGINE_MAC_WIN 2 CURRENT\SPACE-GAME\SPACE GAME ENGINE\DEBUG\BUTTONCLASSCHILDREN.OBJ
D:\IAN BOROS\MY DOCUMENTS\VISUAL STUDIO 2008\PROJECTS\OPEN GL STUFF\SPACE GAME ENGINE_MAC_WIN 2 CURRENT\SPACE-GAME\SPACE GAME ENGINE\DEBUG\CARGOCLASS.OBJ
D:\Ian Boros\My Documents\Visual Studio 2008\Projects\OPEN GL STUFF\Space Game Engine_MAC_WIN 2 current\space-game\Space Game Engine\Debug\cl.command.1.tlog
D:\Ian Boros\My Documents\Visual Studio 2008\Projects\OPEN GL STUFF\Space Game Engine_MAC_WIN 2 current\space-game\Space Game Engine\Debug\CL.read.1.tlog
D:\Ian Boros\My Documents\Visual Studio 2008\Projects\OPEN GL STUFF\Space Game Engine_MAC_WIN 2 current\space-game\Space Game Engine\Debug\CL.write.1.tlog
D:\IAN BOROS\MY DOCUMENTS\VISUAL STUDIO 2008\PROJECTS\OPEN GL STUFF\SPACE GAME ENGINE_MAC_WIN 2 CURRENT\SPACE-GAME\SPACE GAME ENGINE\DEBUG\CONVERTSPECIALKEYBOARDINPUT_CONVERTFROMGLUTKEY.OBJ
D:\IAN BOROS\MY DOCUMENTS\VISUAL STUDIO 2008\PROJECTS\OPEN GL STUFF\SPACE GAME ENGINE_MAC_WIN 2 CURRENT\SPACE-GAME\SPACE GAME ENGINE\DEBUG\CONVERTSPECIALKEYBOARDINPUT_CONVERTTOGLUTKEY.OBJ
D:\IAN BOROS\MY DOCUMENTS\VISUAL STUDIO 2008\PROJECTS\OPEN GL STUFF\SPACE GAME ENGINE_MAC_WIN 2 CURRENT\SPACE-GAME\SPACE GAME ENGINE\DEBUG\CONVERTSPECIALKEYBOARDINPUT_INIT.OBJ
D:\IAN BOROS\MY DOCUMENTS\VISUAL STUDIO 2008\PROJECTS\OPEN GL STUFF\SPACE GAME ENGINE_MAC_WIN 2 CURRENT\SPACE-GAME\SPACE GAME ENGINE\DEBUG\CONVERTSPECIALKEYBOARDINPUTCLASS.OBJ
D:\IAN BOROS\MY DOCUMENTS\VISUAL STUDIO 2008\PROJECTS\OPEN GL STUFF\SPACE GAME ENGINE_MAC_WIN 2 CURRENT\SPACE-GAME\SPACE GAME ENGINE\DEBUG\DISPLAY.OBJ
D:\IAN BOROS\MY DOCUMENTS\VISUAL STUDIO 2008\PROJECTS\OPEN GL STUFF\SPACE GAME ENGINE_MAC_WIN 2 CURRENT\SPACE-GAME\SPACE GAME ENGINE\DEBUG\END.OBJ
D:\IAN BOROS\MY DOCUMENTS\VISUAL STUDIO 2008\PROJECTS\OPEN GL STUFF\SPACE GAME ENGINE_MAC_WIN 2 CURRENT\SPACE-GAME\SPACE GAME ENGINE\DEBUG\EXTENSIONSUPPORT.OBJ
D:\IAN BOROS\MY DOCUMENTS\VISUAL STUDIO 2008\PROJECTS\OPEN GL STUFF\SPACE GAME ENGINE_MAC_WIN 2 CURRENT\SPACE-GAME\SPACE GAME ENGINE\DEBUG\FONT_DRAWSTRING.OBJ
D:\IAN BOROS\MY DOCUMENTS\VISUAL STUDIO 2008\PROJECTS\OPEN GL STUFF\SPACE GAME ENGINE_MAC_WIN 2 CURRENT\SPACE-GAME\SPACE GAME ENGINE\DEBUG\FONT_INIT.OBJ
D:\IAN BOROS\MY DOCUMENTS\VISUAL STUDIO 2008\PROJECTS\OPEN GL STUFF\SPACE GAME ENGINE_MAC_WIN 2 CURRENT\SPACE-GAME\SPACE GAME ENGINE\DEBUG\FONTCLASS.OBJ
D:\IAN BOROS\MY DOCUMENTS\VISUAL STUDIO 2008\PROJECTS\OPEN GL STUFF\SPACE GAME ENGINE_MAC_WIN 2 CURRENT\SPACE-GAME\SPACE GAME ENGINE\DEBUG\GAME_DRAWSTRING.OBJ
D:\IAN BOROS\MY DOCUMENTS\VISUAL STUDIO 2008\PROJECTS\OPEN GL STUFF\SPACE GAME ENGINE_MAC_WIN 2 CURRENT\SPACE-GAME\SPACE GAME ENGINE\DEBUG\GAME_GENERATEUNIVERSE.OBJ
D:\IAN BOROS\MY DOCUMENTS\VISUAL STUDIO 2008\PROJECTS\OPEN GL STUFF\SPACE GAME ENGINE_MAC_WIN 2 CURRENT\SPACE-GAME\SPACE GAME ENGINE\DEBUG\GAME_HANDLEKEYBOARDINPUT.OBJ
D:\IAN BOROS\MY DOCUMENTS\VISUAL STUDIO 2008\PROJECTS\OPEN GL STUFF\SPACE GAME ENGINE_MAC_WIN 2 CURRENT\SPACE-GAME\SPACE GAME ENGINE\DEBUG\GAME_HANDLESPECIALKEYBOARDINPUT.OBJ
D:\IAN BOROS\MY DOCUMENTS\VISUAL STUDIO 2008\PROJECTS\OPEN GL STUFF\SPACE GAME ENGINE_MAC_WIN 2 CURRENT\SPACE-GAME\SPACE GAME ENGINE\DEBUG\GAME_INITOBJECTS.OBJ
D:\IAN BOROS\MY DOCUMENTS\VISUAL STUDIO 2008\PROJECTS\OPEN GL STUFF\SPACE GAME ENGINE_MAC_WIN 2 CURRENT\SPACE-GAME\SPACE GAME ENGINE\DEBUG\GAME_LIMITFRAMERATE.OBJ
D:\IAN BOROS\MY DOCUMENTS\VISUAL STUDIO 2008\PROJECTS\OPEN GL STUFF\SPACE GAME ENGINE_MAC_WIN 2 CURRENT\SPACE-GAME\SPACE GAME ENGINE\DEBUG\GAME_LOADTEXTURE.OBJ
D:\IAN BOROS\MY DOCUMENTS\VISUAL STUDIO 2008\PROJECTS\OPEN GL STUFF\SPACE GAME ENGINE_MAC_WIN 2 CURRENT\SPACE-GAME\SPACE GAME ENGINE\DEBUG\GAME_SETUP.OBJ
D:\IAN BOROS\MY DOCUMENTS\VISUAL STUDIO 2008\PROJECTS\OPEN GL STUFF\SPACE GAME ENGINE_MAC_WIN 2 CURRENT\SPACE-GAME\SPACE GAME ENGINE\DEBUG\GAME_STARTGAME.OBJ
D:\IAN BOROS\MY DOCUMENTS\VISUAL STUDIO 2008\PROJECTS\OPEN GL STUFF\SPACE GAME ENGINE_MAC_WIN 2 CURRENT\SPACE-GAME\SPACE GAME ENGINE\DEBUG\GAMECLASS.OBJ
D:\IAN BOROS\MY DOCUMENTS\VISUAL STUDIO 2008\PROJECTS\OPEN GL STUFF\SPACE GAME ENGINE_MAC_WIN 2 CURRENT\SPACE-GAME\SPACE GAME ENGINE\DEBUG\GETFRAMERATE.OBJ
D:\IAN BOROS\MY DOCUMENTS\VISUAL STUDIO 2008\PROJECTS\OPEN GL STUFF\SPACE GAME ENGINE_MAC_WIN 2 CURRENT\SPACE-GAME\SPACE GAME ENGINE\DEBUG\GOVERNMENT_ADDPLANET.OBJ
D:\IAN BOROS\MY DOCUMENTS\VISUAL STUDIO 2008\PROJECTS\OPEN GL STUFF\SPACE GAME ENGINE_MAC_WIN 2 CURRENT\SPACE-GAME\SPACE GAME ENGINE\DEBUG\GOVERNMENT_REMOVEGOVERNMENT.OBJ
D:\IAN BOROS\MY DOCUMENTS\VISUAL STUDIO 2008\PROJECTS\OPEN GL STUFF\SPACE GAME ENGINE_MAC_WIN 2 CURRENT\SPACE-GAME\SPACE GAME ENGINE\DEBUG\GOVERNMENT_REMOVEPLANET.OBJ
D:\IAN BOROS\MY DOCUMENTS\VISUAL STUDIO 2008\PROJECTS\OPEN GL STUFF\SPACE GAME ENGINE_MAC_WIN 2 CURRENT\SPACE-GAME\SPACE GAME ENGINE\DEBUG\GOVERNMENTCLASS.OBJ
D:\IAN BOROS\MY DOCUMENTS\VISUAL STUDIO 2008\PROJECTS\OPEN GL STUFF\SPACE GAME ENGINE_MAC_WIN 2 CURRENT\SPACE-GAME\SPACE GAME ENGINE\DEBUG\HUD_DRAW.OBJ
D:\IAN BOROS\MY DOCUMENTS\VISUAL STUDIO 2008\PROJECTS\OPEN GL STUFF\SPACE GAME ENGINE_MAC_WIN 2 CURRENT\SPACE-GAME\SPACE GAME ENGINE\DEBUG\HUDCLASS.OBJ
D:\IAN BOROS\MY DOCUMENTS\VISUAL STUDIO 2008\PROJECTS\OPEN GL STUFF\SPACE GAME ENGINE_MAC_WIN 2 CURRENT\SPACE-GAME\SPACE GAME ENGINE\DEBUG\IDLE.OBJ
D:\IAN BOROS\MY DOCUMENTS\VISUAL STUDIO 2008\PROJECTS\OPEN GL STUFF\SPACE GAME ENGINE_MAC_WIN 2 CURRENT\SPACE-GAME\SPACE GAME ENGINE\DEBUG\IMAGELOAD.OBJ
D:\IAN BOROS\MY DOCUMENTS\VISUAL STUDIO 2008\PROJECTS\OPEN GL STUFF\SPACE GAME ENGINE_MAC_WIN 2 CURRENT\SPACE-GAME\SPACE GAME ENGINE\DEBUG\KEYBOARDINPUT.OBJ
D:\IAN BOROS\MY DOCUMENTS\VISUAL STUDIO 2008\PROJECTS\OPEN GL STUFF\SPACE GAME ENGINE_MAC_WIN 2 CURRENT\SPACE-GAME\SPACE GAME ENGINE\DEBUG\KEYBOARDSPECIALINPUT.OBJ
D:\IAN BOROS\MY DOCUMENTS\VISUAL STUDIO 2008\PROJECTS\OPEN GL STUFF\SPACE GAME ENGINE_MAC_WIN 2 CURRENT\SPACE-GAME\SPACE GAME ENGINE\DEBUG\LANDMENU_SETUP.OBJ
D:\IAN BOROS\MY DOCUMENTS\VISUAL STUDIO 2008\PROJECTS\OPEN GL STUFF\SPACE GAME ENGINE_MAC_WIN 2 CURRENT\SPACE-GAME\SPACE GAME ENGINE\DEBUG\LANDMENUCLASS.OBJ
D:\Ian Boros\My Documents\Visual Studio 2008\Projects\OPEN GL STUFF\Space Game Engine_MAC_WIN 2 current\space-game\Space Game Engine\Debug\link.command.1.tlog
D:\Ian Boros\My Documents\Visual Studio 2008\Projects\OPEN GL STUFF\Space Game Engine_MAC_WIN 2 current\space-game\Space Game Engine\Debug\link.read.1.tlog
D:\Ian Boros\My Documents\Visual Studio 2008\Projects\OPEN GL STUFF\Space Game Engine_MAC_WIN 2 current\space-game\Space Game Engine\Debug\link.write.1.tlog
D:\Ian Boros\My Documents\Visual Studio 2008\Projects\OPEN GL STUFF\Space Game Engine_MAC_WIN 2 current\space-game\Space Game Engine\Debug\link-cvtres.read.1.tlog
D:\Ian Boros\My Documents\Visual Studio 2008\Projects\OPEN GL STUFF\Space Game Engine_MAC_WIN 2 current\space-game\Space Game Engine\Debug\link-cvtres.write.1.tlog
D:\IAN BOROS\MY DOCUMENTS\VISUAL STUDIO 2008\PROJECTS\OPEN GL STUFF\SPACE GAME ENGINE_MAC_WIN 2 CURRENT\SPACE-GAME\SPACE GAME ENGINE\DEBUG\LIST_ADD.OBJ
D:\IAN BOROS\MY DOCUMENTS\VISUAL STUDIO 2008\PROJECTS\OPEN GL STUFF\SPACE GAME ENGINE_MAC_WIN 2 CURRENT\SPACE-GAME\SPACE GAME ENGINE\DEBUG\LIST_CLEAR.OBJ
D:\IAN BOROS\MY DOCUMENTS\VISUAL STUDIO 2008\PROJECTS\OPEN GL STUFF\SPACE GAME ENGINE_MAC_WIN 2 CURRENT\SPACE-GAME\SPACE GAME ENGINE\DEBUG\LIST_DRAW.OBJ
D:\IAN BOROS\MY DOCUMENTS\VISUAL STUDIO 2008\PROJECTS\OPEN GL STUFF\SPACE GAME ENGINE_MAC_WIN 2 CURRENT\SPACE-GAME\SPACE GAME ENGINE\DEBUG\LIST_INIT.OBJ
D:\IAN BOROS\MY DOCUMENTS\VISUAL STUDIO 2008\PROJECTS\OPEN GL STUFF\SPACE GAME ENGINE_MAC_WIN 2 CURRENT\SPACE-GAME\SPACE GAME ENGINE\DEBUG\LIST_REMOVE.OBJ
D:\IAN BOROS\MY DOCUMENTS\VISUAL STUDIO 2008\PROJECTS\OPEN GL STUFF\SPACE GAME ENGINE_MAC_WIN 2 CURRENT\SPACE-GAME\SPACE GAME ENGINE\DEBUG\LIST_UPDATE.OBJ
D:\IAN BOROS\MY DOCUMENTS\VISUAL STUDIO 2008\PROJECTS\OPEN GL STUFF\SPACE GAME ENGINE_MAC_WIN 2 CURRENT\SPACE-GAME\SPACE GAME ENGINE\DEBUG\LISTCLASS.OBJ
D:\IAN BOROS\MY DOCUMENTS\VISUAL STUDIO 2008\PROJECTS\OPEN GL STUFF\SPACE GAME ENGINE_MAC_WIN 2 CURRENT\SPACE-GAME\SPACE GAME ENGINE\DEBUG\LISTITEMCHILDREN.OBJ
D:\IAN BOROS\MY DOCUMENTS\VISUAL STUDIO 2008\PROJECTS\OPEN GL STUFF\SPACE GAME ENGINE_MAC_WIN 2 CURRENT\SPACE-GAME\SPACE GAME ENGINE\DEBUG\LISTITEMCLASS.OBJ
D:\IAN BOROS\MY DOCUMENTS\VISUAL STUDIO 2008\PROJECTS\OPEN GL STUFF\SPACE GAME ENGINE_MAC_WIN 2 CURRENT\SPACE-GAME\SPACE GAME ENGINE\DEBUG\MAIN.OBJ
D:\IAN BOROS\MY DOCUMENTS\VISUAL STUDIO 2008\PROJECTS\OPEN GL STUFF\SPACE GAME ENGINE_MAC_WIN 2 CURRENT\SPACE-GAME\SPACE GAME ENGINE\DEBUG\MAP_DRAW.OBJ
D:\IAN BOROS\MY DOCUMENTS\VISUAL STUDIO 2008\PROJECTS\OPEN GL STUFF\SPACE GAME ENGINE_MAC_WIN 2 CURRENT\SPACE-GAME\SPACE GAME ENGINE\DEBUG\MAP_DRAWELEMENT.OBJ
D:\IAN BOROS\MY DOCUMENTS\VISUAL STUDIO 2008\PROJECTS\OPEN GL STUFF\SPACE GAME ENGINE_MAC_WIN 2 CURRENT\SPACE-GAME\SPACE GAME ENGINE\DEBUG\MAPCLASS.OBJ
D:\Ian Boros\My Documents\Visual Studio 2008\Projects\OPEN GL STUFF\Space Game Engine_MAC_WIN 2 current\space-game\Space Game Engine\Debug\mt.command.1.tlog
D:\Ian Boros\My Documents\Visual Studio 2008\Projects\OPEN GL STUFF\Space Game Engine_MAC_WIN 2 current\space-game\Space Game Engine\Debug\mt.read.1.tlog
D:\Ian Boros\My Documents\Visual Studio 2008\Projects\OPEN GL STUFF\Space Game Engine_MAC_WIN 2 current\space-game\Space Game Engine\Debug\mt.write.1.tlog
D:\IAN BOROS\MY DOCUMENTS\VISUAL STUDIO 2008\PROJECTS\OPEN GL STUFF\SPACE GAME ENGINE_MAC_WIN 2 CURRENT\SPACE-GAME\SPACE GAME ENGINE\DEBUG\PARTCLASS.OBJ
D:\IAN BOROS\MY DOCUMENTS\VISUAL STUDIO 2008\PROJECTS\OPEN GL STUFF\SPACE GAME ENGINE_MAC_WIN 2 CURRENT\SPACE-GAME\SPACE GAME ENGINE\DEBUG\PAUSEMENU_DRAW.OBJ
D:\IAN BOROS\MY DOCUMENTS\VISUAL STUDIO 2008\PROJECTS\OPEN GL STUFF\SPACE GAME ENGINE_MAC_WIN 2 CURRENT\SPACE-GAME\SPACE GAME ENGINE\DEBUG\PAUSEMENU_LOAD.OBJ
D:\IAN BOROS\MY DOCUMENTS\VISUAL STUDIO 2008\PROJECTS\OPEN GL STUFF\SPACE GAME ENGINE_MAC_WIN 2 CURRENT\SPACE-GAME\SPACE GAME ENGINE\DEBUG\PAUSEMENU_SAVE.OBJ
D:\IAN BOROS\MY DOCUMENTS\VISUAL STUDIO 2008\PROJECTS\OPEN GL STUFF\SPACE GAME ENGINE_MAC_WIN 2 CURRENT\SPACE-GAME\SPACE GAME ENGINE\DEBUG\PAUSEMENU_UPDATE.OBJ
D:\IAN BOROS\MY DOCUMENTS\VISUAL STUDIO 2008\PROJECTS\OPEN GL STUFF\SPACE GAME ENGINE_MAC_WIN 2 CURRENT\SPACE-GAME\SPACE GAME ENGINE\DEBUG\PAUSEMENUCLASS.OBJ
D:\IAN BOROS\MY DOCUMENTS\VISUAL STUDIO 2008\PROJECTS\OPEN GL STUFF\SPACE GAME ENGINE_MAC_WIN 2 CURRENT\SPACE-GAME\SPACE GAME ENGINE\DEBUG\PLANET_UPDATE.OBJ
D:\IAN BOROS\MY DOCUMENTS\VISUAL STUDIO 2008\PROJECTS\OPEN GL STUFF\SPACE GAME ENGINE_MAC_WIN 2 CURRENT\SPACE-GAME\SPACE GAME ENGINE\DEBUG\PLANETCLASS.OBJ
D:\IAN BOROS\MY DOCUMENTS\VISUAL STUDIO 2008\PROJECTS\OPEN GL STUFF\SPACE GAME ENGINE_MAC_WIN 2 CURRENT\SPACE-GAME\SPACE GAME ENGINE\DEBUG\PLAYER_SETTRADEMISSION.OBJ
D:\IAN BOROS\MY DOCUMENTS\VISUAL STUDIO 2008\PROJECTS\OPEN GL STUFF\SPACE GAME ENGINE_MAC_WIN 2 CURRENT\SPACE-GAME\SPACE GAME ENGINE\DEBUG\PLAYER_UPDATE.OBJ
D:\IAN BOROS\MY DOCUMENTS\VISUAL STUDIO 2008\PROJECTS\OPEN GL STUFF\SPACE GAME ENGINE_MAC_WIN 2 CURRENT\SPACE-GAME\SPACE GAME ENGINE\DEBUG\PLAYERCLASS.OBJ
D:\IAN BOROS\MY DOCUMENTS\VISUAL STUDIO 2008\PROJECTS\OPEN GL STUFF\SPACE GAME ENGINE_MAC_WIN 2 CURRENT\SPACE-GAME\SPACE GAME ENGINE\DEBUG\RADAR_DRAW.OBJ
D:\IAN BOROS\MY DOCUMENTS\VISUAL STUDIO 2008\PROJECTS\OPEN GL STUFF\SPACE GAME ENGINE_MAC_WIN 2 CURRENT\SPACE-GAME\SPACE GAME ENGINE\DEBUG\RADAR_DRAWBACKGROUND.OBJ
D:\IAN BOROS\MY DOCUMENTS\VISUAL STUDIO 2008\PROJECTS\OPEN GL STUFF\SPACE GAME ENGINE_MAC_WIN 2 CURRENT\SPACE-GAME\SPACE GAME ENGINE\DEBUG\RADAR_INITBACKGROUND.OBJ
D:\IAN BOROS\MY DOCUMENTS\VISUAL STUDIO 2008\PROJECTS\OPEN GL STUFF\SPACE GAME ENGINE_MAC_WIN 2 CURRENT\SPACE-GAME\SPACE GAME ENGINE\DEBUG\RADARCLASS.OBJ
D:\Ian Boros\My Documents\Visual Studio 2008\Projects\OPEN GL STUFF\Space Game Engine_MAC_WIN 2 current\space-game\Space Game Engine\Debug\rc.command.1.tlog
D:\Ian Boros\My Documents\Visual Studio 2008\Projects\OPEN GL STUFF\Space Game Engine_MAC_WIN 2 current\space-game\Space Game Engine\Debug\rc.read.1.tlog
D:\Ian Boros\My Documents\Visual Studio 2008\Projects\OPEN GL STUFF\Space Game Engine_MAC_WIN 2 current\space-game\Space Game Engine\Debug\rc.write.1.tlog
D:\IAN BOROS\MY DOCUMENTS\VISUAL STUDIO 2008\PROJECTS\OPEN GL STUFF\SPACE GAME ENGINE_MAC_WIN 2 CURRENT\SPACE-GAME\SPACE GAME ENGINE\DEBUG\RESHAPE.OBJ
D:\IAN BOROS\MY DOCUMENTS\VISUAL STUDIO 2008\PROJECTS\OPEN GL STUFF\SPACE GAME ENGINE_MAC_WIN 2 CURRENT\SPACE-GAME\SPACE GAME ENGINE\DEBUG\SHIPCLASS.OBJ
D:\IAN BOROS\MY DOCUMENTS\VISUAL STUDIO 2008\PROJECTS\OPEN GL STUFF\SPACE GAME ENGINE_MAC_WIN 2 CURRENT\SPACE-GAME\SPACE GAME ENGINE\DEBUG\SHIPPART_GETS.OBJ
D:\IAN BOROS\MY DOCUMENTS\VISUAL STUDIO 2008\PROJECTS\OPEN GL STUFF\SPACE GAME ENGINE_MAC_WIN 2 CURRENT\SPACE-GAME\SPACE GAME ENGINE\DEBUG\SHIPPARTCHILDREN.OBJ
D:\IAN BOROS\MY DOCUMENTS\VISUAL STUDIO 2008\PROJECTS\OPEN GL STUFF\SPACE GAME ENGINE_MAC_WIN 2 CURRENT\SPACE-GAME\SPACE GAME ENGINE\DEBUG\SHIPPARTCLASS.OBJ
D:\IAN BOROS\MY DOCUMENTS\VISUAL STUDIO 2008\PROJECTS\OPEN GL STUFF\SPACE GAME ENGINE_MAC_WIN 2 CURRENT\SPACE-GAME\SPACE GAME ENGINE\DEBUG\SOLARSYSTEMCLASS.OBJ
D:\Ian Boros\My Documents\Visual Studio 2008\Projects\OPEN GL STUFF\Space Game Engine_MAC_WIN 2 current\space-game\Space Game Engine\Debug\Space Game Engine.exe.embed.manifest
D:\IAN BOROS\MY DOCUMENTS\VISUAL STUDIO 2008\PROJECTS\OPEN GL STUFF\SPACE GAME ENGINE_MAC_WIN 2 CURRENT\SPACE-GAME\SPACE GAME ENGINE\DEBUG\SPACE GAME ENGINE.EXE.EMBED.MANIFEST.RES
D:\IAN BOROS\MY DOCUMENTS\VISUAL STUDIO 2008\PROJECTS\OPEN GL STUFF\SPACE GAME ENGINE_MAC_WIN 2 CURRENT\SPACE-GAME\SPACE GAME ENGINE\DEBUG\SPACE GAME ENGINE.EXE.INTERMEDIATE.MANIFEST
D:\Ian Boros\My Documents\Visual Studio 2008\Projects\OPEN GL STUFF\Space Game Engine_MAC_WIN 2 current\space-game\Space Game Engine\Debug\Space Game Engine_manifest.rc
D:\IAN BOROS\MY DOCUMENTS\VISUAL STUDIO 2008\PROJECTS\OPEN GL STUFF\SPACE GAME ENGINE_MAC_WIN 2 CURRENT\SPACE-GAME\SPACE GAME ENGINE\DEBUG\SPACEOBJECT_DRAW.OBJ
D:\IAN BOROS\MY DOCUMENTS\VISUAL STUDIO 2008\PROJECTS\OPEN GL STUFF\SPACE GAME ENGINE_MAC_WIN 2 CURRENT\SPACE-GAME\SPACE GAME ENGINE\DEBUG\SPACEOBJECT_INIT.OBJ
D:\IAN BOROS\MY DOCUMENTS\VISUAL STUDIO 2008\PROJECTS\OPEN GL STUFF\SPACE GAME ENGINE_MAC_WIN 2 CURRENT\SPACE-GAME\SPACE GAME ENGINE\DEBUG\SPACEOBJECT_UPDATE.OBJ
D:\IAN BOROS\MY DOCUMENTS\VISUAL STUDIO 2008\PROJECTS\OPEN GL STUFF\SPACE GAME ENGINE_MAC_WIN 2 CURRENT\SPACE-GAME\SPACE GAME ENGINE\DEBUG\SPACEOBJECTCLASS.OBJ
D:\IAN BOROS\MY DOCUMENTS\VISUAL STUDIO 2008\PROJECTS\OPEN GL STUFF\SPACE GAME ENGINE_MAC_WIN 2 CURRENT\SPACE-GAME\SPACE GAME ENGINE\DEBUG\STARCLASS.OBJ
D:\IAN BOROS\MY DOCUMENTS\VISUAL STUDIO 2008\PROJECTS\OPEN GL STUFF\SPACE GAME ENGINE_MAC_WIN 2 CURRENT\SPACE-GAME\SPACE GAME ENGINE\DEBUG\TRADEMISSION_SETMISSION.OBJ
D:\IAN BOROS\MY DOCUMENTS\VISUAL STUDIO 2008\PROJECTS\OPEN GL STUFF\SPACE GAME ENGINE_MAC_WIN 2 CURRENT\SPACE-GAME\SPACE GAME ENGINE\DEBUG\VBOEXTEND.OBJ
D:\Ian Boros\My Documents\Visual Studio 2008\Projects\OPEN GL STUFF\Space Game Engine_MAC_WIN 2 current\space-game\Space Game Engine\Debug\vc100.idb
D:\IAN BOROS\MY DOCUMENTS\VISUAL STUDIO 2008\PROJECTS\OPEN GL STUFF\SPACE GAME ENGINE_MAC_WIN 2 CURRENT\SPACE-GAME\SPACE GAME ENGINE\DEBUG\VC100.PDB
D:\Ian Boros\My Documents\Visual Studio 2008\Projects\OPEN GL STUFF\Space Game Engine_MAC_WIN 2 current\space-game\Space Game Engine\Debug\vc90.idb
D:\Ian Boros\My Documents\Visual Studio 2008\Projects\OPEN GL STUFF\Space Game Engine_MAC_WIN 2 current\space-game\Space Game Engine\Debug\vc90.pdb
