H:\Documents\github\space-game-2010\space-game\Release\Space Game Engine.exe
H:\Documents\github\space-game-2010\space-game\Release\Space Game Engine.pdb
H:\Documents\github\space-game-2010\space-game\Space Game Engine\Release\BackgroundStar_Draw.obj
H:\Documents\github\space-game-2010\space-game\Space Game Engine\Release\BackgroundStar_Init.obj
H:\Documents\github\space-game-2010\space-game\Space Game Engine\Release\BackgroundStar_Update.obj
H:\Documents\github\space-game-2010\space-game\Space Game Engine\Release\BackgroundStarClass.obj
H:\Documents\github\space-game-2010\space-game\Space Game Engine\Release\Button_Activate.obj
H:\Documents\github\space-game-2010\space-game\Space Game Engine\Release\Button_Update.obj
H:\Documents\github\space-game-2010\space-game\Space Game Engine\Release\ButtonClass.obj
H:\Documents\github\space-game-2010\space-game\Space Game Engine\Release\ButtonClassChildren.obj
H:\Documents\github\space-game-2010\space-game\Space Game Engine\Release\CargoClass.obj
H:\Documents\github\space-game-2010\space-game\Space Game Engine\Release\cl.command.1.tlog
H:\Documents\github\space-game-2010\space-game\Space Game Engine\Release\CL.read.1.tlog
H:\Documents\github\space-game-2010\space-game\Space Game Engine\Release\CL.write.1.tlog
H:\Documents\github\space-game-2010\space-game\Space Game Engine\Release\ConvertSpecialKeyboardInput_ConvertFromGlutKey.obj
H:\Documents\github\space-game-2010\space-game\Space Game Engine\Release\ConvertSpecialKeyboardInput_ConvertToGlutKey.obj
H:\Documents\github\space-game-2010\space-game\Space Game Engine\Release\ConvertSpecialKeyboardInput_Init.obj
H:\Documents\github\space-game-2010\space-game\Space Game Engine\Release\ConvertSpecialKeyboardInputClass.obj
H:\Documents\github\space-game-2010\space-game\Space Game Engine\Release\Display.obj
H:\Documents\github\space-game-2010\space-game\Space Game Engine\Release\End.obj
H:\Documents\github\space-game-2010\space-game\Space Game Engine\Release\ExtensionSupport.obj
H:\Documents\github\space-game-2010\space-game\Space Game Engine\Release\Font_DrawString.obj
H:\Documents\github\space-game-2010\space-game\Space Game Engine\Release\Font_Init.obj
H:\Documents\github\space-game-2010\space-game\Space Game Engine\Release\FontClass.obj
H:\Documents\github\space-game-2010\space-game\Space Game Engine\Release\Game_DrawString.obj
H:\Documents\github\space-game-2010\space-game\Space Game Engine\Release\Game_GenerateUniverse.obj
H:\Documents\github\space-game-2010\space-game\Space Game Engine\Release\Game_HandleKeyboardInput.obj
H:\Documents\github\space-game-2010\space-game\Space Game Engine\Release\Game_HandleSpecialKeyboardInput.obj
H:\Documents\github\space-game-2010\space-game\Space Game Engine\Release\Game_InitObjects.obj
H:\Documents\github\space-game-2010\space-game\Space Game Engine\Release\Game_LimitFramerate.obj
H:\Documents\github\space-game-2010\space-game\Space Game Engine\Release\Game_loadTexture.obj
H:\Documents\github\space-game-2010\space-game\Space Game Engine\Release\Game_Setup.obj
H:\Documents\github\space-game-2010\space-game\Space Game Engine\Release\Game_StartGame.obj
H:\Documents\github\space-game-2010\space-game\Space Game Engine\Release\GameClass.obj
H:\Documents\github\space-game-2010\space-game\Space Game Engine\Release\GetFrameRate.obj
H:\Documents\github\space-game-2010\space-game\Space Game Engine\Release\Government_AddPlanet.obj
H:\Documents\github\space-game-2010\space-game\Space Game Engine\Release\Government_RemoveGovernment.obj
H:\Documents\github\space-game-2010\space-game\Space Game Engine\Release\Government_RemovePlanet.obj
H:\Documents\github\space-game-2010\space-game\Space Game Engine\Release\GovernmentClass.obj
H:\Documents\github\space-game-2010\space-game\Space Game Engine\Release\HUD_Draw.obj
H:\Documents\github\space-game-2010\space-game\Space Game Engine\Release\HUDClass.obj
H:\Documents\github\space-game-2010\space-game\Space Game Engine\Release\Idle.obj
H:\Documents\github\space-game-2010\space-game\Space Game Engine\Release\ImageLoad.obj
H:\Documents\github\space-game-2010\space-game\Space Game Engine\Release\KeyboardInput.obj
H:\Documents\github\space-game-2010\space-game\Space Game Engine\Release\KeyboardSpecialInput.obj
H:\Documents\github\space-game-2010\space-game\Space Game Engine\Release\LandMenu_Setup.obj
H:\Documents\github\space-game-2010\space-game\Space Game Engine\Release\LandMenuClass.obj
H:\Documents\github\space-game-2010\space-game\Space Game Engine\Release\link.command.1.tlog
H:\Documents\github\space-game-2010\space-game\Space Game Engine\Release\link.read.1.tlog
H:\Documents\github\space-game-2010\space-game\Space Game Engine\Release\link.write.1.tlog
H:\Documents\github\space-game-2010\space-game\Space Game Engine\Release\List_Add.obj
H:\Documents\github\space-game-2010\space-game\Space Game Engine\Release\List_Clear.obj
H:\Documents\github\space-game-2010\space-game\Space Game Engine\Release\List_Draw.obj
H:\Documents\github\space-game-2010\space-game\Space Game Engine\Release\List_Init.obj
H:\Documents\github\space-game-2010\space-game\Space Game Engine\Release\List_Remove.obj
H:\Documents\github\space-game-2010\space-game\Space Game Engine\Release\List_Update.obj
H:\Documents\github\space-game-2010\space-game\Space Game Engine\Release\ListClass.obj
H:\Documents\github\space-game-2010\space-game\Space Game Engine\Release\ListItemChildren.obj
H:\Documents\github\space-game-2010\space-game\Space Game Engine\Release\ListItemClass.obj
H:\Documents\github\space-game-2010\space-game\Space Game Engine\Release\Main.obj
H:\Documents\github\space-game-2010\space-game\Space Game Engine\Release\Map_Draw.obj
H:\Documents\github\space-game-2010\space-game\Space Game Engine\Release\Map_DrawElement.obj
H:\Documents\github\space-game-2010\space-game\Space Game Engine\Release\MapClass.obj
H:\Documents\github\space-game-2010\space-game\Space Game Engine\Release\mt.command.1.tlog
H:\Documents\github\space-game-2010\space-game\Space Game Engine\Release\mt.read.1.tlog
H:\Documents\github\space-game-2010\space-game\Space Game Engine\Release\mt.write.1.tlog
H:\Documents\github\space-game-2010\space-game\Space Game Engine\Release\PartClass.obj
H:\Documents\github\space-game-2010\space-game\Space Game Engine\Release\PauseMenu_Draw.obj
H:\Documents\github\space-game-2010\space-game\Space Game Engine\Release\PauseMenu_Load.obj
H:\Documents\github\space-game-2010\space-game\Space Game Engine\Release\PauseMenu_Save.obj
H:\Documents\github\space-game-2010\space-game\Space Game Engine\Release\PauseMenu_Update.obj
H:\Documents\github\space-game-2010\space-game\Space Game Engine\Release\PauseMenuClass.obj
H:\Documents\github\space-game-2010\space-game\Space Game Engine\Release\Planet_Update.obj
H:\Documents\github\space-game-2010\space-game\Space Game Engine\Release\PlanetClass.obj
H:\Documents\github\space-game-2010\space-game\Space Game Engine\Release\Player_SetTradeMission.obj
H:\Documents\github\space-game-2010\space-game\Space Game Engine\Release\Player_Update.obj
H:\Documents\github\space-game-2010\space-game\Space Game Engine\Release\PlayerClass.obj
H:\Documents\github\space-game-2010\space-game\Space Game Engine\Release\Radar_Draw.obj
H:\Documents\github\space-game-2010\space-game\Space Game Engine\Release\Radar_DrawBackground.obj
H:\Documents\github\space-game-2010\space-game\Space Game Engine\Release\Radar_InitBackground.obj
H:\Documents\github\space-game-2010\space-game\Space Game Engine\Release\RadarClass.obj
H:\Documents\github\space-game-2010\space-game\Space Game Engine\Release\Reshape.obj
H:\Documents\github\space-game-2010\space-game\Space Game Engine\Release\ShipClass.obj
H:\Documents\github\space-game-2010\space-game\Space Game Engine\Release\ShipPart_Gets.obj
H:\Documents\github\space-game-2010\space-game\Space Game Engine\Release\ShipPartChildren.obj
H:\Documents\github\space-game-2010\space-game\Space Game Engine\Release\ShipPartClass.obj
H:\Documents\github\space-game-2010\space-game\Space Game Engine\Release\SolarSystemClass.obj
H:\Documents\github\space-game-2010\space-game\Space Game Engine\Release\Space Game Engine.exe.intermediate.manifest
H:\Documents\github\space-game-2010\space-game\Space Game Engine\Release\SpaceObject_Draw.obj
H:\Documents\github\space-game-2010\space-game\Space Game Engine\Release\SpaceObject_Init.obj
H:\Documents\github\space-game-2010\space-game\Space Game Engine\Release\SpaceObject_Update.obj
H:\Documents\github\space-game-2010\space-game\Space Game Engine\Release\SpaceObjectClass.obj
H:\Documents\github\space-game-2010\space-game\Space Game Engine\Release\StarClass.obj
H:\Documents\github\space-game-2010\space-game\Space Game Engine\Release\TGAImage.obj
H:\Documents\github\space-game-2010\space-game\Space Game Engine\Release\TradeMission_SetMission.obj
H:\Documents\github\space-game-2010\space-game\Space Game Engine\Release\VBOExtend.obj
H:\Documents\github\space-game-2010\space-game\Space Game Engine\Release\vc100.pdb
H:\DOCUMENTS\VS PROJECTS\PROJECTS\OPEN GL STUFF\SPACE GAME 2011\SPACE-GAME\RELEASE\SPACE GAME ENGINE.EXE
H:\DOCUMENTS\VS PROJECTS\PROJECTS\OPEN GL STUFF\SPACE GAME 2011\SPACE-GAME\RELEASE\SPACE GAME ENGINE.PDB
H:\DOCUMENTS\VS PROJECTS\PROJECTS\OPEN GL STUFF\SPACE GAME 2011\SPACE-GAME\SPACE GAME ENGINE\RELEASE\BACKGROUNDSTAR_DRAW.OBJ
H:\DOCUMENTS\VS PROJECTS\PROJECTS\OPEN GL STUFF\SPACE GAME 2011\SPACE-GAME\SPACE GAME ENGINE\RELEASE\BACKGROUNDSTAR_INIT.OBJ
H:\DOCUMENTS\VS PROJECTS\PROJECTS\OPEN GL STUFF\SPACE GAME 2011\SPACE-GAME\SPACE GAME ENGINE\RELEASE\BACKGROUNDSTAR_UPDATE.OBJ
H:\DOCUMENTS\VS PROJECTS\PROJECTS\OPEN GL STUFF\SPACE GAME 2011\SPACE-GAME\SPACE GAME ENGINE\RELEASE\BACKGROUNDSTARCLASS.OBJ
H:\DOCUMENTS\VS PROJECTS\PROJECTS\OPEN GL STUFF\SPACE GAME 2011\SPACE-GAME\SPACE GAME ENGINE\RELEASE\BUTTON_ACTIVATE.OBJ
H:\DOCUMENTS\VS PROJECTS\PROJECTS\OPEN GL STUFF\SPACE GAME 2011\SPACE-GAME\SPACE GAME ENGINE\RELEASE\BUTTON_UPDATE.OBJ
H:\DOCUMENTS\VS PROJECTS\PROJECTS\OPEN GL STUFF\SPACE GAME 2011\SPACE-GAME\SPACE GAME ENGINE\RELEASE\BUTTONCLASS.OBJ
H:\DOCUMENTS\VS PROJECTS\PROJECTS\OPEN GL STUFF\SPACE GAME 2011\SPACE-GAME\SPACE GAME ENGINE\RELEASE\BUTTONCLASSCHILDREN.OBJ
H:\DOCUMENTS\VS PROJECTS\PROJECTS\OPEN GL STUFF\SPACE GAME 2011\SPACE-GAME\SPACE GAME ENGINE\RELEASE\CARGOCLASS.OBJ
H:\DOCUMENTS\VS PROJECTS\PROJECTS\OPEN GL STUFF\SPACE GAME 2011\SPACE-GAME\SPACE GAME ENGINE\RELEASE\CONVERTSPECIALKEYBOARDINPUT_CONVERTFROMGLUTKEY.OBJ
H:\DOCUMENTS\VS PROJECTS\PROJECTS\OPEN GL STUFF\SPACE GAME 2011\SPACE-GAME\SPACE GAME ENGINE\RELEASE\CONVERTSPECIALKEYBOARDINPUT_CONVERTTOGLUTKEY.OBJ
H:\DOCUMENTS\VS PROJECTS\PROJECTS\OPEN GL STUFF\SPACE GAME 2011\SPACE-GAME\SPACE GAME ENGINE\RELEASE\CONVERTSPECIALKEYBOARDINPUT_INIT.OBJ
H:\DOCUMENTS\VS PROJECTS\PROJECTS\OPEN GL STUFF\SPACE GAME 2011\SPACE-GAME\SPACE GAME ENGINE\RELEASE\CONVERTSPECIALKEYBOARDINPUTCLASS.OBJ
H:\DOCUMENTS\VS PROJECTS\PROJECTS\OPEN GL STUFF\SPACE GAME 2011\SPACE-GAME\SPACE GAME ENGINE\RELEASE\DISPLAY.OBJ
H:\DOCUMENTS\VS PROJECTS\PROJECTS\OPEN GL STUFF\SPACE GAME 2011\SPACE-GAME\SPACE GAME ENGINE\RELEASE\END.OBJ
H:\DOCUMENTS\VS PROJECTS\PROJECTS\OPEN GL STUFF\SPACE GAME 2011\SPACE-GAME\SPACE GAME ENGINE\RELEASE\EXTENSIONSUPPORT.OBJ
H:\DOCUMENTS\VS PROJECTS\PROJECTS\OPEN GL STUFF\SPACE GAME 2011\SPACE-GAME\SPACE GAME ENGINE\RELEASE\FONT_DRAWSTRING.OBJ
H:\DOCUMENTS\VS PROJECTS\PROJECTS\OPEN GL STUFF\SPACE GAME 2011\SPACE-GAME\SPACE GAME ENGINE\RELEASE\FONT_INIT.OBJ
H:\DOCUMENTS\VS PROJECTS\PROJECTS\OPEN GL STUFF\SPACE GAME 2011\SPACE-GAME\SPACE GAME ENGINE\RELEASE\FONTCLASS.OBJ
H:\DOCUMENTS\VS PROJECTS\PROJECTS\OPEN GL STUFF\SPACE GAME 2011\SPACE-GAME\SPACE GAME ENGINE\RELEASE\GAME_DRAWSTRING.OBJ
H:\DOCUMENTS\VS PROJECTS\PROJECTS\OPEN GL STUFF\SPACE GAME 2011\SPACE-GAME\SPACE GAME ENGINE\RELEASE\GAME_GENERATEUNIVERSE.OBJ
H:\DOCUMENTS\VS PROJECTS\PROJECTS\OPEN GL STUFF\SPACE GAME 2011\SPACE-GAME\SPACE GAME ENGINE\RELEASE\GAME_HANDLEKEYBOARDINPUT.OBJ
H:\DOCUMENTS\VS PROJECTS\PROJECTS\OPEN GL STUFF\SPACE GAME 2011\SPACE-GAME\SPACE GAME ENGINE\RELEASE\GAME_HANDLESPECIALKEYBOARDINPUT.OBJ
H:\DOCUMENTS\VS PROJECTS\PROJECTS\OPEN GL STUFF\SPACE GAME 2011\SPACE-GAME\SPACE GAME ENGINE\RELEASE\GAME_INITOBJECTS.OBJ
H:\DOCUMENTS\VS PROJECTS\PROJECTS\OPEN GL STUFF\SPACE GAME 2011\SPACE-GAME\SPACE GAME ENGINE\RELEASE\GAME_LIMITFRAMERATE.OBJ
H:\DOCUMENTS\VS PROJECTS\PROJECTS\OPEN GL STUFF\SPACE GAME 2011\SPACE-GAME\SPACE GAME ENGINE\RELEASE\GAME_LOADTEXTURE.OBJ
H:\DOCUMENTS\VS PROJECTS\PROJECTS\OPEN GL STUFF\SPACE GAME 2011\SPACE-GAME\SPACE GAME ENGINE\RELEASE\GAME_SETUP.OBJ
H:\DOCUMENTS\VS PROJECTS\PROJECTS\OPEN GL STUFF\SPACE GAME 2011\SPACE-GAME\SPACE GAME ENGINE\RELEASE\GAME_STARTGAME.OBJ
H:\DOCUMENTS\VS PROJECTS\PROJECTS\OPEN GL STUFF\SPACE GAME 2011\SPACE-GAME\SPACE GAME ENGINE\RELEASE\GAMECLASS.OBJ
H:\DOCUMENTS\VS PROJECTS\PROJECTS\OPEN GL STUFF\SPACE GAME 2011\SPACE-GAME\SPACE GAME ENGINE\RELEASE\GETFRAMERATE.OBJ
H:\DOCUMENTS\VS PROJECTS\PROJECTS\OPEN GL STUFF\SPACE GAME 2011\SPACE-GAME\SPACE GAME ENGINE\RELEASE\GOVERNMENT_ADDPLANET.OBJ
H:\DOCUMENTS\VS PROJECTS\PROJECTS\OPEN GL STUFF\SPACE GAME 2011\SPACE-GAME\SPACE GAME ENGINE\RELEASE\GOVERNMENT_REMOVEGOVERNMENT.OBJ
H:\DOCUMENTS\VS PROJECTS\PROJECTS\OPEN GL STUFF\SPACE GAME 2011\SPACE-GAME\SPACE GAME ENGINE\RELEASE\GOVERNMENT_REMOVEPLANET.OBJ
H:\DOCUMENTS\VS PROJECTS\PROJECTS\OPEN GL STUFF\SPACE GAME 2011\SPACE-GAME\SPACE GAME ENGINE\RELEASE\GOVERNMENTCLASS.OBJ
H:\DOCUMENTS\VS PROJECTS\PROJECTS\OPEN GL STUFF\SPACE GAME 2011\SPACE-GAME\SPACE GAME ENGINE\RELEASE\HUD_DRAW.OBJ
H:\DOCUMENTS\VS PROJECTS\PROJECTS\OPEN GL STUFF\SPACE GAME 2011\SPACE-GAME\SPACE GAME ENGINE\RELEASE\HUDCLASS.OBJ
H:\DOCUMENTS\VS PROJECTS\PROJECTS\OPEN GL STUFF\SPACE GAME 2011\SPACE-GAME\SPACE GAME ENGINE\RELEASE\IDLE.OBJ
H:\DOCUMENTS\VS PROJECTS\PROJECTS\OPEN GL STUFF\SPACE GAME 2011\SPACE-GAME\SPACE GAME ENGINE\RELEASE\IMAGELOAD.OBJ
H:\DOCUMENTS\VS PROJECTS\PROJECTS\OPEN GL STUFF\SPACE GAME 2011\SPACE-GAME\SPACE GAME ENGINE\RELEASE\KEYBOARDINPUT.OBJ
H:\DOCUMENTS\VS PROJECTS\PROJECTS\OPEN GL STUFF\SPACE GAME 2011\SPACE-GAME\SPACE GAME ENGINE\RELEASE\KEYBOARDSPECIALINPUT.OBJ
H:\DOCUMENTS\VS PROJECTS\PROJECTS\OPEN GL STUFF\SPACE GAME 2011\SPACE-GAME\SPACE GAME ENGINE\RELEASE\LANDMENU_SETUP.OBJ
H:\DOCUMENTS\VS PROJECTS\PROJECTS\OPEN GL STUFF\SPACE GAME 2011\SPACE-GAME\SPACE GAME ENGINE\RELEASE\LANDMENUCLASS.OBJ
H:\DOCUMENTS\VS PROJECTS\PROJECTS\OPEN GL STUFF\SPACE GAME 2011\SPACE-GAME\SPACE GAME ENGINE\RELEASE\LIST_ADD.OBJ
H:\DOCUMENTS\VS PROJECTS\PROJECTS\OPEN GL STUFF\SPACE GAME 2011\SPACE-GAME\SPACE GAME ENGINE\RELEASE\LIST_CLEAR.OBJ
H:\DOCUMENTS\VS PROJECTS\PROJECTS\OPEN GL STUFF\SPACE GAME 2011\SPACE-GAME\SPACE GAME ENGINE\RELEASE\LIST_DRAW.OBJ
H:\DOCUMENTS\VS PROJECTS\PROJECTS\OPEN GL STUFF\SPACE GAME 2011\SPACE-GAME\SPACE GAME ENGINE\RELEASE\LIST_INIT.OBJ
H:\DOCUMENTS\VS PROJECTS\PROJECTS\OPEN GL STUFF\SPACE GAME 2011\SPACE-GAME\SPACE GAME ENGINE\RELEASE\LIST_REMOVE.OBJ
H:\DOCUMENTS\VS PROJECTS\PROJECTS\OPEN GL STUFF\SPACE GAME 2011\SPACE-GAME\SPACE GAME ENGINE\RELEASE\LIST_UPDATE.OBJ
H:\DOCUMENTS\VS PROJECTS\PROJECTS\OPEN GL STUFF\SPACE GAME 2011\SPACE-GAME\SPACE GAME ENGINE\RELEASE\LISTCLASS.OBJ
H:\DOCUMENTS\VS PROJECTS\PROJECTS\OPEN GL STUFF\SPACE GAME 2011\SPACE-GAME\SPACE GAME ENGINE\RELEASE\LISTITEMCHILDREN.OBJ
H:\DOCUMENTS\VS PROJECTS\PROJECTS\OPEN GL STUFF\SPACE GAME 2011\SPACE-GAME\SPACE GAME ENGINE\RELEASE\LISTITEMCLASS.OBJ
H:\DOCUMENTS\VS PROJECTS\PROJECTS\OPEN GL STUFF\SPACE GAME 2011\SPACE-GAME\SPACE GAME ENGINE\RELEASE\MAIN.OBJ
H:\DOCUMENTS\VS PROJECTS\PROJECTS\OPEN GL STUFF\SPACE GAME 2011\SPACE-GAME\SPACE GAME ENGINE\RELEASE\MAP_DRAW.OBJ
H:\DOCUMENTS\VS PROJECTS\PROJECTS\OPEN GL STUFF\SPACE GAME 2011\SPACE-GAME\SPACE GAME ENGINE\RELEASE\MAP_DRAWELEMENT.OBJ
H:\DOCUMENTS\VS PROJECTS\PROJECTS\OPEN GL STUFF\SPACE GAME 2011\SPACE-GAME\SPACE GAME ENGINE\RELEASE\MAPCLASS.OBJ
H:\DOCUMENTS\VS PROJECTS\PROJECTS\OPEN GL STUFF\SPACE GAME 2011\SPACE-GAME\SPACE GAME ENGINE\RELEASE\PARTCLASS.OBJ
H:\DOCUMENTS\VS PROJECTS\PROJECTS\OPEN GL STUFF\SPACE GAME 2011\SPACE-GAME\SPACE GAME ENGINE\RELEASE\PAUSEMENU_DRAW.OBJ
H:\DOCUMENTS\VS PROJECTS\PROJECTS\OPEN GL STUFF\SPACE GAME 2011\SPACE-GAME\SPACE GAME ENGINE\RELEASE\PAUSEMENU_LOAD.OBJ
H:\DOCUMENTS\VS PROJECTS\PROJECTS\OPEN GL STUFF\SPACE GAME 2011\SPACE-GAME\SPACE GAME ENGINE\RELEASE\PAUSEMENU_SAVE.OBJ
H:\DOCUMENTS\VS PROJECTS\PROJECTS\OPEN GL STUFF\SPACE GAME 2011\SPACE-GAME\SPACE GAME ENGINE\RELEASE\PAUSEMENU_UPDATE.OBJ
H:\DOCUMENTS\VS PROJECTS\PROJECTS\OPEN GL STUFF\SPACE GAME 2011\SPACE-GAME\SPACE GAME ENGINE\RELEASE\PAUSEMENUCLASS.OBJ
H:\DOCUMENTS\VS PROJECTS\PROJECTS\OPEN GL STUFF\SPACE GAME 2011\SPACE-GAME\SPACE GAME ENGINE\RELEASE\PLANET_UPDATE.OBJ
H:\DOCUMENTS\VS PROJECTS\PROJECTS\OPEN GL STUFF\SPACE GAME 2011\SPACE-GAME\SPACE GAME ENGINE\RELEASE\PLANETCLASS.OBJ
H:\DOCUMENTS\VS PROJECTS\PROJECTS\OPEN GL STUFF\SPACE GAME 2011\SPACE-GAME\SPACE GAME ENGINE\RELEASE\PLAYER_SETTRADEMISSION.OBJ
H:\DOCUMENTS\VS PROJECTS\PROJECTS\OPEN GL STUFF\SPACE GAME 2011\SPACE-GAME\SPACE GAME ENGINE\RELEASE\PLAYER_UPDATE.OBJ
H:\DOCUMENTS\VS PROJECTS\PROJECTS\OPEN GL STUFF\SPACE GAME 2011\SPACE-GAME\SPACE GAME ENGINE\RELEASE\PLAYERCLASS.OBJ
H:\DOCUMENTS\VS PROJECTS\PROJECTS\OPEN GL STUFF\SPACE GAME 2011\SPACE-GAME\SPACE GAME ENGINE\RELEASE\RADAR_DRAW.OBJ
H:\DOCUMENTS\VS PROJECTS\PROJECTS\OPEN GL STUFF\SPACE GAME 2011\SPACE-GAME\SPACE GAME ENGINE\RELEASE\RADAR_DRAWBACKGROUND.OBJ
H:\DOCUMENTS\VS PROJECTS\PROJECTS\OPEN GL STUFF\SPACE GAME 2011\SPACE-GAME\SPACE GAME ENGINE\RELEASE\RADAR_INITBACKGROUND.OBJ
H:\DOCUMENTS\VS PROJECTS\PROJECTS\OPEN GL STUFF\SPACE GAME 2011\SPACE-GAME\SPACE GAME ENGINE\RELEASE\RADARCLASS.OBJ
H:\DOCUMENTS\VS PROJECTS\PROJECTS\OPEN GL STUFF\SPACE GAME 2011\SPACE-GAME\SPACE GAME ENGINE\RELEASE\RESHAPE.OBJ
H:\DOCUMENTS\VS PROJECTS\PROJECTS\OPEN GL STUFF\SPACE GAME 2011\SPACE-GAME\SPACE GAME ENGINE\RELEASE\SHIPCLASS.OBJ
H:\DOCUMENTS\VS PROJECTS\PROJECTS\OPEN GL STUFF\SPACE GAME 2011\SPACE-GAME\SPACE GAME ENGINE\RELEASE\SHIPPART_GETS.OBJ
H:\DOCUMENTS\VS PROJECTS\PROJECTS\OPEN GL STUFF\SPACE GAME 2011\SPACE-GAME\SPACE GAME ENGINE\RELEASE\SHIPPARTCHILDREN.OBJ
H:\DOCUMENTS\VS PROJECTS\PROJECTS\OPEN GL STUFF\SPACE GAME 2011\SPACE-GAME\SPACE GAME ENGINE\RELEASE\SHIPPARTCLASS.OBJ
H:\DOCUMENTS\VS PROJECTS\PROJECTS\OPEN GL STUFF\SPACE GAME 2011\SPACE-GAME\SPACE GAME ENGINE\RELEASE\SOLARSYSTEMCLASS.OBJ
H:\DOCUMENTS\VS PROJECTS\PROJECTS\OPEN GL STUFF\SPACE GAME 2011\SPACE-GAME\SPACE GAME ENGINE\RELEASE\SPACE GAME ENGINE.EXE.INTERMEDIATE.MANIFEST
H:\DOCUMENTS\VS PROJECTS\PROJECTS\OPEN GL STUFF\SPACE GAME 2011\SPACE-GAME\SPACE GAME ENGINE\RELEASE\SPACEOBJECT_DRAW.OBJ
H:\DOCUMENTS\VS PROJECTS\PROJECTS\OPEN GL STUFF\SPACE GAME 2011\SPACE-GAME\SPACE GAME ENGINE\RELEASE\SPACEOBJECT_INIT.OBJ
H:\DOCUMENTS\VS PROJECTS\PROJECTS\OPEN GL STUFF\SPACE GAME 2011\SPACE-GAME\SPACE GAME ENGINE\RELEASE\SPACEOBJECT_UPDATE.OBJ
H:\DOCUMENTS\VS PROJECTS\PROJECTS\OPEN GL STUFF\SPACE GAME 2011\SPACE-GAME\SPACE GAME ENGINE\RELEASE\SPACEOBJECTCLASS.OBJ
H:\DOCUMENTS\VS PROJECTS\PROJECTS\OPEN GL STUFF\SPACE GAME 2011\SPACE-GAME\SPACE GAME ENGINE\RELEASE\STARCLASS.OBJ
H:\DOCUMENTS\VS PROJECTS\PROJECTS\OPEN GL STUFF\SPACE GAME 2011\SPACE-GAME\SPACE GAME ENGINE\RELEASE\TGAIMAGE.OBJ
H:\DOCUMENTS\VS PROJECTS\PROJECTS\OPEN GL STUFF\SPACE GAME 2011\SPACE-GAME\SPACE GAME ENGINE\RELEASE\TRADEMISSION_SETMISSION.OBJ
H:\DOCUMENTS\VS PROJECTS\PROJECTS\OPEN GL STUFF\SPACE GAME 2011\SPACE-GAME\SPACE GAME ENGINE\RELEASE\VBOEXTEND.OBJ
H:\DOCUMENTS\VS PROJECTS\PROJECTS\OPEN GL STUFF\SPACE GAME 2011\SPACE-GAME\SPACE GAME ENGINE\RELEASE\VC100.PDB
